<?xml version="1.0" encoding="UTF-8" standalone="yes"?>
<ns2:test-suite start="1508903468276" stop="1508904162690" version="1.4.23" xmlns:ns2="urn:model.allure.qatools.yandex.ru">
    <name>Complete Suite : Demo Flow chrome</name>
    <title>Complete Suite : Demo Flow chrome</title>
    <test-cases>
        <test-case start="1508903482566" stop="1508903517033" status="passed">
            <name>submittingRegistrationForm</name>
            <steps/>
            <attachments/>
            <labels>
                <label name="severity" value="normal"/>
                <label name="host" value="SlinkiAir"/>
                <label name="thread" value="46753@SlinkiAir.main(1)"/>
            </labels>
        </test-case>
        <test-case start="1508903545117" stop="1508903553162" status="passed">
            <name>submittingRegistrationForm</name>
            <steps/>
            <attachments/>
            <labels>
                <label name="severity" value="normal"/>
                <label name="host" value="SlinkiAir"/>
                <label name="thread" value="46753@SlinkiAir.main(1)"/>
            </labels>
        </test-case>
        <test-case start="1508903579687" stop="1508903593440" status="passed">
            <name>VerifyEmailShareWorks</name>
            <steps/>
            <attachments/>
            <labels>
                <label name="severity" value="normal"/>
                <label name="host" value="SlinkiAir"/>
                <label name="thread" value="46753@SlinkiAir.main(1)"/>
            </labels>
        </test-case>
        <test-case start="1508903620482" stop="1508903628522" status="passed">
            <name>verifyingThatTourLoads</name>
            <steps/>
            <attachments/>
            <labels>
                <label name="severity" value="normal"/>
                <label name="host" value="SlinkiAir"/>
                <label name="thread" value="46753@SlinkiAir.main(1)"/>
            </labels>
        </test-case>
        <test-case start="1508903656219" stop="1508903664050" status="passed">
            <name>verifyingThatTourLoads</name>
            <steps/>
            <attachments/>
            <labels>
                <label name="severity" value="normal"/>
                <label name="host" value="SlinkiAir"/>
                <label name="thread" value="46753@SlinkiAir.main(1)"/>
            </labels>
        </test-case>
        <test-case start="1508903694004" stop="1508903702300" status="passed">
            <name>VerifyingThatTourNavigates</name>
            <steps/>
            <attachments/>
            <labels>
                <label name="severity" value="normal"/>
                <label name="host" value="SlinkiAir"/>
                <label name="thread" value="46753@SlinkiAir.main(1)"/>
            </labels>
        </test-case>
        <test-case start="1508903729819" stop="1508903738764" status="passed">
            <name>verifyingThatTourLoads</name>
            <steps/>
            <attachments/>
            <labels>
                <label name="severity" value="normal"/>
                <label name="host" value="SlinkiAir"/>
                <label name="thread" value="46753@SlinkiAir.main(1)"/>
            </labels>
        </test-case>
        <test-case start="1508903766430" stop="1508903793945" status="passed">
            <name>VerifyThatActionButtonsOpenLinksToaNewPage</name>
            <steps/>
            <attachments/>
            <labels>
                <label name="severity" value="normal"/>
                <label name="host" value="SlinkiAir"/>
                <label name="thread" value="46753@SlinkiAir.main(1)"/>
            </labels>
        </test-case>
        <test-case start="1508903817294" stop="1508903832398" status="passed">
            <name>VerifyThatActionButtonsShowAtTheTopOfThePage</name>
            <steps/>
            <attachments/>
            <labels>
                <label name="severity" value="normal"/>
                <label name="host" value="SlinkiAir"/>
                <label name="thread" value="46753@SlinkiAir.main(1)"/>
            </labels>
        </test-case>
        <test-case start="1508903854669" stop="1508904109093" status="broken">
            <name>VerifyThatMapIsWorking</name>
            <failure>
                <message>NullPointerException: null</message>
                <stack-trace>java.lang.NullPointerException
	at org.openqa.selenium.remote.RemoteWebElement.getSize(RemoteWebElement.java:342)
	at sun.reflect.NativeMethodAccessorImpl.invoke0(Native Method)
	at sun.reflect.NativeMethodAccessorImpl.invoke(NativeMethodAccessorImpl.java:62)
	at sun.reflect.DelegatingMethodAccessorImpl.invoke(DelegatingMethodAccessorImpl.java:43)
	at java.lang.reflect.Method.invoke(Method.java:483)
	at org.openqa.selenium.support.pagefactory.internal.LocatingElementHandler.invoke(LocatingElementHandler.java:51)
	at com.sun.proxy.$Proxy9.getSize(Unknown Source)
	at automationFramework.pages.StonybrookHomePage.returnMapHeight(StonybrookHomePage.java:196)
	at tests.single.VerifyThatMapIsWorking.VerifyThatMapIsWorking(VerifyThatMapIsWorking.java:29)
	at sun.reflect.NativeMethodAccessorImpl.invoke0(Native Method)
	at sun.reflect.NativeMethodAccessorImpl.invoke(NativeMethodAccessorImpl.java:62)
	at sun.reflect.DelegatingMethodAccessorImpl.invoke(DelegatingMethodAccessorImpl.java:43)
	at java.lang.reflect.Method.invoke(Method.java:483)
	at org.testng.internal.MethodInvocationHelper.invokeMethod(MethodInvocationHelper.java:108)
	at org.testng.internal.Invoker.invokeMethod(Invoker.java:661)
	at org.testng.internal.Invoker.invokeTestMethod(Invoker.java:869)
	at org.testng.internal.Invoker.invokeTestMethods(Invoker.java:1193)
	at org.testng.internal.TestMethodWorker.invokeTestMethods(TestMethodWorker.java:126)
	at org.testng.internal.TestMethodWorker.run(TestMethodWorker.java:109)
	at org.testng.TestRunner.privateRun(TestRunner.java:744)
	at org.testng.TestRunner.run(TestRunner.java:602)
	at org.testng.SuiteRunner.runTest(SuiteRunner.java:380)
	at org.testng.SuiteRunner.runSequentially(SuiteRunner.java:375)
	at org.testng.SuiteRunner.privateRun(SuiteRunner.java:340)
	at org.testng.SuiteRunner.run(SuiteRunner.java:289)
	at org.testng.SuiteRunnerWorker.runSuite(SuiteRunnerWorker.java:52)
	at org.testng.SuiteRunnerWorker.run(SuiteRunnerWorker.java:86)
	at org.testng.TestNG.runSuitesSequentially(TestNG.java:1301)
	at org.testng.TestNG.runSuitesLocally(TestNG.java:1226)
	at org.testng.TestNG.runSuites(TestNG.java:1144)
	at org.testng.TestNG.run(TestNG.java:1115)
	at org.testng.IDEARemoteTestNG.run(IDEARemoteTestNG.java:72)
	at org.testng.RemoteTestNGStarter.main(RemoteTestNGStarter.java:123)
</stack-trace>
            </failure>
            <steps/>
            <attachments/>
            <labels>
                <label name="severity" value="normal"/>
                <label name="host" value="SlinkiAir"/>
                <label name="thread" value="46753@SlinkiAir.main(1)"/>
            </labels>
        </test-case>
        <test-case start="1508904123131" stop="1508904145379" status="passed">
            <name>VerifyThatTheVRpanelOpens</name>
            <steps/>
            <attachments/>
            <labels>
                <label name="severity" value="normal"/>
                <label name="host" value="SlinkiAir"/>
                <label name="thread" value="46753@SlinkiAir.main(1)"/>
            </labels>
        </test-case>
    </test-cases>
    <labels>
        <label name="framework" value="TestNG"/>
        <label name="language" value="JAVA"/>
    </labels>
</ns2:test-suite>
