<?xml version="1.0" encoding="UTF-8" standalone="yes"?>
<ns2:test-suite start="1508213268388" stop="1508213312563" version="1.4.23" xmlns:ns2="urn:model.allure.qatools.yandex.ru">
    <name>Default Suite : YouVisitAutomation</name>
    <title>Default Suite : YouVisitAutomation</title>
    <test-cases>
        <test-case start="1508213278541" stop="1508213308765" status="passed">
            <name>VerifyingThatTourNavigates</name>
            <steps/>
            <attachments/>
            <labels>
                <label name="severity" value="normal"/>
                <label name="host" value="SlinkiAir"/>
                <label name="thread" value="31067@SlinkiAir.main(1)"/>
            </labels>
        </test-case>
        <test-case start="1508213312557" stop="1508213312560" status="failed">
            <name>tearDown</name>
            <description>@AfterMethod</description>
            <failure>
                <message>NewTestException: 'VerifyingThatTourNavigates Chrome' of 'Youvisit Stonybrook'. Please approve the new baseline at https://eyes.applitools.com/app/batches/00000251894087510887/00000251894087510441?accountId=Gsh0R2TixEmoS3CG-Bb12g~~</message>
                <stack-trace>com.applitools.eyes.NewTestException: 'VerifyingThatTourNavigates Chrome' of 'Youvisit Stonybrook'. Please approve the new baseline at https://eyes.applitools.com/app/batches/00000251894087510887/00000251894087510441?accountId=Gsh0R2TixEmoS3CG-Bb12g~~
	at com.applitools.eyes.EyesBase.close(EyesBase.java:618)
	at com.applitools.eyes.Eyes.close(Eyes.java:17)
	at com.applitools.eyes.EyesBase.close(EyesBase.java:541)
	at com.applitools.eyes.Eyes.close(Eyes.java:17)
	at tests.base.BaseTest.tearDown(BaseTest.java:168)
	at sun.reflect.NativeMethodAccessorImpl.invoke0(Native Method)
	at sun.reflect.NativeMethodAccessorImpl.invoke(NativeMethodAccessorImpl.java:62)
	at sun.reflect.DelegatingMethodAccessorImpl.invoke(DelegatingMethodAccessorImpl.java:43)
	at java.lang.reflect.Method.invoke(Method.java:483)
	at org.testng.internal.MethodInvocationHelper.invokeMethod(MethodInvocationHelper.java:108)
	at org.testng.internal.Invoker.invokeConfigurationMethod(Invoker.java:523)
	at org.testng.internal.Invoker.invokeConfigurations(Invoker.java:224)
	at org.testng.internal.Invoker.invokeMethod(Invoker.java:723)
	at org.testng.internal.Invoker.invokeTestMethod(Invoker.java:869)
	at org.testng.internal.Invoker.invokeTestMethods(Invoker.java:1193)
	at org.testng.internal.TestMethodWorker.invokeTestMethods(TestMethodWorker.java:126)
	at org.testng.internal.TestMethodWorker.run(TestMethodWorker.java:109)
	at org.testng.TestRunner.privateRun(TestRunner.java:744)
	at org.testng.TestRunner.run(TestRunner.java:602)
	at org.testng.SuiteRunner.runTest(SuiteRunner.java:380)
	at org.testng.SuiteRunner.runSequentially(SuiteRunner.java:375)
	at org.testng.SuiteRunner.privateRun(SuiteRunner.java:340)
	at org.testng.SuiteRunner.run(SuiteRunner.java:289)
	at org.testng.SuiteRunnerWorker.runSuite(SuiteRunnerWorker.java:52)
	at org.testng.SuiteRunnerWorker.run(SuiteRunnerWorker.java:86)
	at org.testng.TestNG.runSuitesSequentially(TestNG.java:1301)
	at org.testng.TestNG.runSuitesLocally(TestNG.java:1226)
	at org.testng.TestNG.runSuites(TestNG.java:1144)
	at org.testng.TestNG.run(TestNG.java:1115)
	at org.testng.IDEARemoteTestNG.run(IDEARemoteTestNG.java:72)
	at org.testng.RemoteTestNGStarter.main(RemoteTestNGStarter.java:123)
</stack-trace>
            </failure>
            <steps/>
            <attachments/>
            <labels>
                <label name="host" value="SlinkiAir"/>
                <label name="thread" value="31067@SlinkiAir.main(1)"/>
            </labels>
        </test-case>
    </test-cases>
    <labels>
        <label name="framework" value="TestNG"/>
        <label name="language" value="JAVA"/>
    </labels>
</ns2:test-suite>
