<?xml version="1.0" encoding="UTF-8"?>
<!-- Generated by org.testng.reporters.JUnitXMLReporter -->
<testsuite hostname="SlinkiAir" ignored="0" name="Demo Flow chrome" tests="10" failures="0" timestamp="31 Oct 2017 18:13:00 GMT" time="482.165" errors="0">
  <testcase name="@BeforeClass setUp" time="414.141" classname="tests.base.BaseTest">
    <failure type="org.openqa.selenium.ScriptTimeoutException" message="Timed out waiting for page load.
Build info: version: &amp;apos;2.53.1&amp;apos;, revision: &amp;apos;a36b8b1&amp;apos;, time: &amp;apos;2016-06-30 17:37:03&amp;apos;
System info: host: &amp;apos;mac-208-52-145-10.browserstack.com&amp;apos;, ip: &amp;apos;208.52.145.10&amp;apos;, os.name: &amp;apos;Mac OS X&amp;apos;, os.arch: &amp;apos;x86_64&amp;apos;, os.version: &amp;apos;10.12.6&amp;apos;, java.version: &amp;apos;1.8.0_51&amp;apos;
Driver info: driver.version: unknown
Command duration or timeout: 0 milliseconds">
      <![CDATA[org.openqa.selenium.ScriptTimeoutException: Timed out waiting for page load.
Build info: version: '2.53.1', revision: 'a36b8b1', time: '2016-06-30 17:37:03'
System info: host: 'mac-208-52-145-10.browserstack.com', ip: '208.52.145.10', os.name: 'Mac OS X', os.arch: 'x86_64', os.version: '10.12.6', java.version: '1.8.0_51'
Driver info: driver.version: unknown
Command duration or timeout: 0 milliseconds
	at org.openqa.selenium.remote.ErrorHandler.createThrowable(ErrorHandler.java:214)
	at org.openqa.selenium.remote.ErrorHandler.throwIfResponseFailed(ErrorHandler.java:166)
	at org.openqa.selenium.remote.http.JsonHttpResponseCodec.reconstructValue(JsonHttpResponseCodec.java:40)
	at org.openqa.selenium.remote.http.AbstractHttpResponseCodec.decode(AbstractHttpResponseCodec.java:82)
	at org.openqa.selenium.remote.http.AbstractHttpResponseCodec.decode(AbstractHttpResponseCodec.java:45)
	at org.openqa.selenium.remote.HttpCommandExecutor.execute(HttpCommandExecutor.java:164)
	at org.openqa.selenium.remote.RemoteWebDriver.execute(RemoteWebDriver.java:586)
	at org.openqa.selenium.remote.RemoteWebDriver.get(RemoteWebDriver.java:310)
	at tests.base.BaseTest.navigateToHome(BaseTest.java:122)
	at tests.base.BaseTest.setUp(BaseTest.java:117)
Caused by: org.openqa.selenium.TimeoutException: Timed out waiting for page load.
Build info: version: '2.53.1', revision: 'a36b8b1', time: '2016-06-30 17:37:03'
System info: host: 'mac-208-52-145-10.browserstack.com', ip: '208.52.145.10', os.name: 'Mac OS X', os.arch: 'x86_64', os.version: '10.12.6', java.version: '1.8.0_51'
Driver info: driver.version: unknown
Build info: version: '3.6.0', revision: '6fbf3ec767', time: '2017-09-27T15:28:36.4Z'
System info: host: 'SlinkiAir', ip: '172.20.10.2', os.name: 'Mac OS X', os.arch: 'x86_64', os.version: '10.12.6', java.version: '1.8.0_20'
Driver info: driver.version: unknown
	at <anonymous class>.Utils.initWebLoadingListener/<(file:///var/folders/3y/zz_w6_s56sl__vcrf3r5bhzr0000hr/T/anonymous4908091433739722278webdriver-profile/extensions/fxdriver@googlecode.com/components/driver-component.js:9071)
	at <anonymous class>.WebLoadingListener/e(file:///var/folders/3y/zz_w6_s56sl__vcrf3r5bhzr0000hr/T/anonymous4908091433739722278webdriver-profile/extensions/fxdriver@googlecode.com/components/driver-component.js:5142)
	at <anonymous class>.WebLoadingListener/<(file:///var/folders/3y/zz_w6_s56sl__vcrf3r5bhzr0000hr/T/anonymous4908091433739722278webdriver-profile/extensions/fxdriver@googlecode.com/components/driver-component.js:5150)
	at <anonymous class>.fxdriver.Timer.prototype.setTimeout/<.notify(file:///var/folders/3y/zz_w6_s56sl__vcrf3r5bhzr0000hr/T/anonymous4908091433739722278webdriver-profile/extensions/fxdriver@googlecode.com/components/driver-component.js:625)
... Removed 33 stack frames]]>
    </failure>
  </testcase> <!-- @BeforeClass setUp -->
  <testcase name="@AfterClass tearDown" time="0.0" classname="tests.base.BaseTest">
    <skipped/>
  </testcase> <!-- @AfterClass tearDown -->
  <testcase name="@BeforeClass setUp" time="0.0" classname="tests.base.BaseTest">
    <skipped/>
  </testcase> <!-- @BeforeClass setUp -->
  <testcase name="@AfterClass tearDown" time="0.0" classname="tests.base.BaseTest">
    <skipped/>
  </testcase> <!-- @AfterClass tearDown -->
  <testcase name="@BeforeClass setUp" time="0.0" classname="tests.base.BaseTest">
    <skipped/>
  </testcase> <!-- @BeforeClass setUp -->
  <testcase name="@AfterClass tearDown" time="0.0" classname="tests.base.BaseTest">
    <skipped/>
  </testcase> <!-- @AfterClass tearDown -->
  <testcase name="@BeforeClass setUp" time="0.0" classname="tests.base.BaseTest">
    <skipped/>
  </testcase> <!-- @BeforeClass setUp -->
  <testcase name="@AfterClass tearDown" time="0.0" classname="tests.base.BaseTest">
    <skipped/>
  </testcase> <!-- @AfterClass tearDown -->
  <testcase name="@BeforeClass setUp" time="0.0" classname="tests.base.BaseTest">
    <skipped/>
  </testcase> <!-- @BeforeClass setUp -->
  <testcase name="@AfterClass tearDown" time="0.0" classname="tests.base.BaseTest">
    <skipped/>
  </testcase> <!-- @AfterClass tearDown -->
  <testcase name="@BeforeClass setUp" time="0.0" classname="tests.base.BaseTest">
    <skipped/>
  </testcase> <!-- @BeforeClass setUp -->
  <testcase name="@AfterClass tearDown" time="0.0" classname="tests.base.BaseTest">
    <skipped/>
  </testcase> <!-- @AfterClass tearDown -->
  <testcase name="@BeforeClass setUp" time="0.0" classname="tests.base.BaseTest">
    <skipped/>
  </testcase> <!-- @BeforeClass setUp -->
  <testcase name="@AfterClass tearDown" time="0.0" classname="tests.base.BaseTest">
    <skipped/>
  </testcase> <!-- @AfterClass tearDown -->
  <testcase name="@BeforeClass setUp" time="0.0" classname="tests.base.BaseTest">
    <skipped/>
  </testcase> <!-- @BeforeClass setUp -->
  <testcase name="@AfterClass tearDown" time="0.0" classname="tests.base.BaseTest">
    <skipped/>
  </testcase> <!-- @AfterClass tearDown -->
  <testcase name="@BeforeClass setUp" time="0.0" classname="tests.base.BaseTest">
    <skipped/>
  </testcase> <!-- @BeforeClass setUp -->
  <testcase name="@AfterClass tearDown" time="0.0" classname="tests.base.BaseTest">
    <skipped/>
  </testcase> <!-- @AfterClass tearDown -->
  <testcase name="submittingRegistrationForm" time="52.831" classname="tests.single.SubmittingRegistrationForm"/>
  <testcase name="VerifyEmailShareWorks" time="0.0" classname="tests.single.VerifyEmailShareWorks">
    <skipped/>
  </testcase> <!-- VerifyEmailShareWorks -->
  <testcase name="verifyingThatTourLoads" time="0.0" classname="tests.single.VerifyingThatTourGuideIsDisplayed">
    <skipped/>
  </testcase> <!-- verifyingThatTourLoads -->
  <testcase name="verifyingThatTourLoads" time="0.0" classname="tests.single.VerifyingThatTourLoads">
    <skipped/>
  </testcase> <!-- verifyingThatTourLoads -->
  <testcase name="VerifyingThatTourNavigates" time="0.0" classname="tests.single.VerifyingThatTourNavigates">
    <skipped/>
  </testcase> <!-- VerifyingThatTourNavigates -->
  <testcase name="verifyingThatTourLoads" time="0.0" classname="tests.single.VerifyScenePanelOpensOnHover">
    <skipped/>
  </testcase> <!-- verifyingThatTourLoads -->
  <testcase name="VerifyThatActionButtonsOpenLinksToaNewPage" time="0.0" classname="tests.single.VerifyThatActionButtonsOpenLinksToaNewPage">
    <skipped/>
  </testcase> <!-- VerifyThatActionButtonsOpenLinksToaNewPage -->
  <testcase name="VerifyThatActionButtonsShowAtTheTopOfThePage" time="0.0" classname="tests.single.VerifyThatActionButtonsShowAtTheTopOfThePage">
    <skipped/>
  </testcase> <!-- VerifyThatActionButtonsShowAtTheTopOfThePage -->
  <testcase name="VerifyThatMapIsWorking" time="0.0" classname="tests.single.VerifyThatMapIsWorking">
    <skipped/>
  </testcase> <!-- VerifyThatMapIsWorking -->
  <testcase name="VerifyThatTheVRpanelOpens" time="0.0" classname="tests.single.VerifyThatTheVRpanelOpens">
    <skipped/>
  </testcase> <!-- VerifyThatTheVRpanelOpens -->
</testsuite> <!-- Demo Flow chrome -->
